-------------------------------------------------------------------------------
Test set: com.example.greeting.GreetingApplicationTests
-------------------------------------------------------------------------------
Tests run: 1, Failures: 0, Errors: 1, Skipped: 0, Time elapsed: 0.36 s <<< FAILURE! - in com.example.greeting.GreetingApplicationTests
initializationError(com.example.greeting.GreetingApplicationTests)  Time elapsed: 0.004 s  <<< ERROR!
java.lang.IllegalStateException: Unable to find a @SpringBootConfiguration, you need to use @ContextConfiguration or @SpringBootTest(classes=...) with your test

